<?xml version="1.0" encoding="UTF-8"?>
<!-- Generated by org.testng.reporters.JUnitReportReporter -->
<testsuite hostname="Sushil" failures="0" tests="1" name="module1.checkorder" time="5.957" errors="0" timestamp="2023-10-27T12:14:15 IST" skipped="0">
  <testcase classname="module1.checkorder" name="checkdropdown" time="5.957"/>
  <system-out/>
</testsuite> <!-- module1.checkorder -->
