<?xml version="1.0" encoding="UTF-8"?>
<!-- Generated by org.testng.reporters.JUnitReportReporter -->
<testsuite hostname="Sushil" failures="0" tests="1" name="module1.addtocart" time="0.814" errors="0" timestamp="2023-10-26T16:37:35 IST" skipped="0">
  <testcase classname="module1.addtocart" name="checkaddcart" time="0.814"/>
  <system-out/>
</testsuite> <!-- module1.addtocart -->
